<?xml version="1.0" encoding="UTF-8"?>
<coverage generated="1784871195993" clover="3.2.0">
  <project timestamp="1784871195993" name="All files">
    <metrics statements="7" coveredstatements="5" conditionals="2" coveredconditionals="1" methods="5" coveredmethods="4" elements="14" coveredelements="10" complexity="0" loc="7" ncloc="7" packages="1" files="5" classes="5"/>
    <file name="calculator.js" path="C:\Users\NikhilPandey\Desktop\LearnPath\JS\js-testing-lab\src\calculator.js">
      <metrics statements="3" coveredstatements="2" conditionals="2" coveredconditionals="1" methods="1" coveredmethods="1"/>
      <line num="3" count="1" type="cond" truecount="1" falsecount="1"/>
      <line num="4" count="0" type="stmt"/>
      <line num="7" count="1" type="stmt"/>
    </file>
    <file name="capitalize.js" path="C:\Users\NikhilPandey\Desktop\LearnPath\JS\js-testing-lab\src\capitalize.js">
      <metrics statements="1" coveredstatements="0" conditionals="0" coveredconditionals="0" methods="1" coveredmethods="0"/>
      <line num="2" count="0" type="stmt"/>
    </file>
    <file name="notifier.js" path="C:\Users\NikhilPandey\Desktop\LearnPath\JS\js-testing-lab\src\notifier.js">
      <metrics statements="1" coveredstatements="1" conditionals="0" coveredconditionals="0" methods="1" coveredmethods="1"/>
      <line num="3" count="1" type="stmt"/>
    </file>
    <file name="person.js" path="C:\Users\NikhilPandey\Desktop\LearnPath\JS\js-testing-lab\src\person.js">
      <metrics statements="1" coveredstatements="1" conditionals="0" coveredconditionals="0" methods="1" coveredmethods="1"/>
      <line num="3" count="1" type="stmt"/>
    </file>
    <file name="sum.js" path="C:\Users\NikhilPandey\Desktop\LearnPath\JS\js-testing-lab\src\sum.js">
      <metrics statements="1" coveredstatements="1" conditionals="0" coveredconditionals="0" methods="1" coveredmethods="1"/>
      <line num="3" count="2" type="stmt"/>
    </file>
  </project>
</coverage>
