{"C:\\Users\\NikhilPandey\\Desktop\\LearnPath\\JS\\js-testing-lab\\src\\calculator.js": {"path":"C:\\Users\\NikhilPandey\\Desktop\\LearnPath\\JS\\js-testing-lab\\src\\calculator.js","statementMap":{"0":{"start":{"line":3,"column":4},"end":{"line":5,"column":5}},"1":{"start":{"line":4,"column":8},"end":{"line":4,"column":31}},"2":{"start":{"line":7,"column":4},"end":{"line":7,"column":17}}},"fnMap":{"0":{"name":"divide","decl":{"start":{"line":1,"column":16},"end":{"line":1,"column":22}},"loc":{"start":{"line":1,"column":29},"end":{"line":8,"column":1}},"line":1}},"branchMap":{"0":{"loc":{"start":{"line":3,"column":4},"end":{"line":5,"column":5}},"type":"if","locations":[{"start":{"line":3,"column":4},"end":{"line":5,"column":5}},{"start":{},"end":{}}],"line":3}},"s":{"0":1,"1":0,"2":1},"f":{"0":1},"b":{"0":[0,1]},"inputSourceMap":null,"_coverageSchema":"1a1c01bbd47fc00a2c39e90264f33305004495a9","hash":"8343ca76eeeedd57c5a71edd1efcd6b3381fa4e5"}
,"C:\\Users\\NikhilPandey\\Desktop\\LearnPath\\JS\\js-testing-lab\\src\\capitalize.js": {"path":"C:\\Users\\NikhilPandey\\Desktop\\LearnPath\\JS\\js-testing-lab\\src\\capitalize.js","statementMap":{"0":{"start":{"line":2,"column":4},"end":{"line":2,"column":56}}},"fnMap":{"0":{"name":"capitalize","decl":{"start":{"line":1,"column":16},"end":{"line":1,"column":26}},"loc":{"start":{"line":1,"column":33},"end":{"line":3,"column":1}},"line":1}},"branchMap":{},"s":{"0":0},"f":{"0":0},"b":{},"inputSourceMap":null}
,"C:\\Users\\NikhilPandey\\Desktop\\LearnPath\\JS\\js-testing-lab\\src\\notifier.js": {"path":"C:\\Users\\NikhilPandey\\Desktop\\LearnPath\\JS\\js-testing-lab\\src\\notifier.js","statementMap":{"0":{"start":{"line":3,"column":4},"end":{"line":3,"column":24}}},"fnMap":{"0":{"name":"notifyUser","decl":{"start":{"line":1,"column":16},"end":{"line":1,"column":26}},"loc":{"start":{"line":1,"column":37},"end":{"line":5,"column":1}},"line":1}},"branchMap":{},"s":{"0":1},"f":{"0":1},"b":{},"inputSourceMap":null,"_coverageSchema":"1a1c01bbd47fc00a2c39e90264f33305004495a9","hash":"cefbc9fba4462db70a81d1766fcf50d22548e67d"}
,"C:\\Users\\NikhilPandey\\Desktop\\LearnPath\\JS\\js-testing-lab\\src\\person.js": {"path":"C:\\Users\\NikhilPandey\\Desktop\\LearnPath\\JS\\js-testing-lab\\src\\person.js","statementMap":{"0":{"start":{"line":3,"column":4},"end":{"line":6,"column":6}}},"fnMap":{"0":{"name":"getPerson","decl":{"start":{"line":1,"column":16},"end":{"line":1,"column":25}},"loc":{"start":{"line":1,"column":28},"end":{"line":8,"column":1}},"line":1}},"branchMap":{},"s":{"0":1},"f":{"0":1},"b":{},"inputSourceMap":null,"_coverageSchema":"1a1c01bbd47fc00a2c39e90264f33305004495a9","hash":"7a1085fcea91902576432e3293d7353f52a09cb4"}
,"C:\\Users\\NikhilPandey\\Desktop\\LearnPath\\JS\\js-testing-lab\\src\\sum.js": {"path":"C:\\Users\\NikhilPandey\\Desktop\\LearnPath\\JS\\js-testing-lab\\src\\sum.js","statementMap":{"0":{"start":{"line":3,"column":4},"end":{"line":3,"column":17}}},"fnMap":{"0":{"name":"sum","decl":{"start":{"line":1,"column":16},"end":{"line":1,"column":19}},"loc":{"start":{"line":1,"column":26},"end":{"line":5,"column":1}},"line":1}},"branchMap":{},"s":{"0":2},"f":{"0":2},"b":{},"inputSourceMap":null,"_coverageSchema":"1a1c01bbd47fc00a2c39e90264f33305004495a9","hash":"ebfffda6999985c7ef14e58da934c3e35c1572e2"}
}
