TN:
SF:src\calculator.js
FN:1,divide
FNF:1
FNH:1
FNDA:1,divide
DA:3,1
DA:4,0
DA:7,1
LF:3
LH:2
BRDA:3,0,0,0
BRDA:3,0,1,1
BRF:2
BRH:1
end_of_record
TN:
SF:src\capitalize.js
FN:1,capitalize
FNF:1
FNH:0
FNDA:0,capitalize
DA:2,0
LF:1
LH:0
BRF:0
BRH:0
end_of_record
TN:
SF:src\notifier.js
FN:1,notifyUser
FNF:1
FNH:1
FNDA:1,notifyUser
DA:3,1
LF:1
LH:1
BRF:0
BRH:0
end_of_record
TN:
SF:src\person.js
FN:1,getPerson
FNF:1
FNH:1
FNDA:1,getPerson
DA:3,1
LF:1
LH:1
BRF:0
BRH:0
end_of_record
TN:
SF:src\sum.js
FN:1,sum
FNF:1
FNH:1
FNDA:2,sum
DA:3,2
LF:1
LH:1
BRF:0
BRH:0
end_of_record
