<?xml version="1.0" encoding="UTF-8"?>
<coverage generated="1784871107404" clover="3.2.0">
  <project timestamp="1784871107404" name="All files">
    <metrics statements="6" coveredstatements="5" conditionals="2" coveredconditionals="1" methods="4" coveredmethods="4" elements="12" coveredelements="10" complexity="0" loc="6" ncloc="6" packages="1" files="4" classes="4"/>
    <file name="calculator.js" path="C:\Users\NikhilPandey\Desktop\LearnPath\JS\js-testing-lab\src\calculator.js">
      <metrics statements="3" coveredstatements="2" conditionals="2" coveredconditionals="1" methods="1" coveredmethods="1"/>
      <line num="3" count="1" type="cond" truecount="1" falsecount="1"/>
      <line num="4" count="0" type="stmt"/>
      <line num="7" count="1" type="stmt"/>
    </file>
    <file name="capitalize.js" path="C:\Users\NikhilPandey\Desktop\LearnPath\JS\js-testing-lab\src\capitalize.js">
      <metrics statements="1" coveredstatements="1" conditionals="0" coveredconditionals="0" methods="1" coveredmethods="1"/>
      <line num="2" count="2" type="stmt"/>
    </file>
    <file name="notifier.js" path="C:\Users\NikhilPandey\Desktop\LearnPath\JS\js-testing-lab\src\notifier.js">
      <metrics statements="1" coveredstatements="1" conditionals="0" coveredconditionals="0" methods="1" coveredmethods="1"/>
      <line num="3" count="1" type="stmt"/>
    </file>
    <file name="person.js" path="C:\Users\NikhilPandey\Desktop\LearnPath\JS\js-testing-lab\src\person.js">
      <metrics statements="1" coveredstatements="1" conditionals="0" coveredconditionals="0" methods="1" coveredmethods="1"/>
      <line num="3" count="1" type="stmt"/>
    </file>
  </project>
</coverage>
