{"C:\\Users\\NikhilPandey\\Desktop\\LearnPath\\JS\\js-testing-lab\\src\\calculator.js": {"path":"C:\\Users\\NikhilPandey\\Desktop\\LearnPath\\JS\\js-testing-lab\\src\\calculator.js","statementMap":{"0":{"start":{"line":3,"column":4},"end":{"line":5,"column":5}},"1":{"start":{"line":4,"column":8},"end":{"line":4,"column":31}},"2":{"start":{"line":7,"column":4},"end":{"line":7,"column":17}}},"fnMap":{"0":{"name":"divide","decl":{"start":{"line":1,"column":16},"end":{"line":1,"column":22}},"loc":{"start":{"line":1,"column":29},"end":{"line":8,"column":null}},"line":1}},"branchMap":{"0":{"loc":{"start":{"line":3,"column":4},"end":{"line":5,"column":5}},"type":"if","locations":[{"start":{"line":3,"column":4},"end":{"line":5,"column":5}},{"start":{},"end":{}}],"line":3}},"s":{"0":1,"1":0,"2":1},"f":{"0":1},"b":{"0":[0,1]},"meta":{"lastBranch":1,"lastFunction":1,"lastStatement":3,"seen":{"f:1:16:1:22":0,"b:3:4:5:5:undefined:undefined:undefined:undefined":0,"s:3:4:5:5":0,"s:4:8:4:31":1,"s:7:4:7:17":2},"fnNames":{}}}
,"C:\\Users\\NikhilPandey\\Desktop\\LearnPath\\JS\\js-testing-lab\\src\\capitalize.js": {"path":"C:\\Users\\NikhilPandey\\Desktop\\LearnPath\\JS\\js-testing-lab\\src\\capitalize.js","statementMap":{"0":{"start":{"line":2,"column":4},"end":{"line":2,"column":56}}},"fnMap":{"0":{"name":"capitalize","decl":{"start":{"line":1,"column":16},"end":{"line":1,"column":26}},"loc":{"start":{"line":1,"column":33},"end":{"line":3,"column":null}},"line":1}},"branchMap":{},"s":{"0":2},"f":{"0":2},"b":{},"meta":{"lastBranch":0,"lastFunction":1,"lastStatement":1,"seen":{"f:1:16:1:26":0,"s:2:4:2:56":0},"fnNames":{}}}
,"C:\\Users\\NikhilPandey\\Desktop\\LearnPath\\JS\\js-testing-lab\\src\\notifier.js": {"path":"C:\\Users\\NikhilPandey\\Desktop\\LearnPath\\JS\\js-testing-lab\\src\\notifier.js","statementMap":{"0":{"start":{"line":3,"column":4},"end":{"line":3,"column":24}}},"fnMap":{"0":{"name":"notifyUser","decl":{"start":{"line":1,"column":16},"end":{"line":1,"column":26}},"loc":{"start":{"line":1,"column":37},"end":{"line":5,"column":null}},"line":1}},"branchMap":{},"s":{"0":1},"f":{"0":1},"b":{},"meta":{"lastBranch":0,"lastFunction":1,"lastStatement":1,"seen":{"f:1:16:1:26":0,"s:3:4:3:24":0},"fnNames":{}}}
,"C:\\Users\\NikhilPandey\\Desktop\\LearnPath\\JS\\js-testing-lab\\src\\person.js": {"path":"C:\\Users\\NikhilPandey\\Desktop\\LearnPath\\JS\\js-testing-lab\\src\\person.js","statementMap":{"0":{"start":{"line":3,"column":4},"end":{"line":6,"column":6}}},"fnMap":{"0":{"name":"getPerson","decl":{"start":{"line":1,"column":16},"end":{"line":1,"column":25}},"loc":{"start":{"line":1,"column":28},"end":{"line":8,"column":null}},"line":1}},"branchMap":{},"s":{"0":1},"f":{"0":1},"b":{},"meta":{"lastBranch":0,"lastFunction":1,"lastStatement":1,"seen":{"f:1:16:1:25":0,"s:3:4:6:6":0},"fnNames":{}}}
}
